<?xml version="1.0" encoding="UTF-8"?>
<!-- Generated by org.testng.reporters.JUnitXMLReporter -->
<testsuite ignored="10" hostname="DESKTOP-GPKURBV" failures="0" tests="0" time="0.009" errors="0" timestamp="2022-07-17T14:23:22 CDT">
  <testcase classname="com.myStore.TestCases.LoginPageTest" name="loginTest" time="0.0">
    <ignored/>
  </testcase> <!-- loginTest -->
  <testcase classname="com.myStore.TestCases.HomePageTest" name="wishListTest" time="0.0">
    <ignored/>
  </testcase> <!-- wishListTest -->
  <testcase classname="com.myStore.TestCases.SearchResultPageTest" name="ProductAvailability" time="0.0">
    <ignored/>
  </testcase> <!-- ProductAvailability -->
  <testcase classname="com.myStore.TestCases.HomePageTest" name="orderHistoryandDetailsTest" time="0.0">
    <ignored/>
  </testcase> <!-- orderHistoryandDetailsTest -->
  <testcase classname="com.myStore.TestCases.AddToCartPageTest" name="AddToCartTest" time="0.0">
    <ignored/>
  </testcase> <!-- AddToCartTest -->
  <testcase classname="com.myStore.TestCases.IndexTestPage" name="verifyTitle" time="0.0">
    <ignored/>
  </testcase> <!-- verifyTitle -->
  <testcase classname="com.myStore.TestCases.AccountCreationPageTest" name="verifyCreateAccountPageTest" time="0.0">
    <ignored/>
  </testcase> <!-- verifyCreateAccountPageTest -->
  <testcase classname="com.myStore.TestCases.IndexTestPage" name="verifyLogo" time="0.0">
    <ignored/>
  </testcase> <!-- verifyLogo -->
  <testcase classname="com.myStore.TestCases.EndtoEnd" name="endToendTest" time="0.0">
    <ignored/>
  </testcase> <!-- endToendTest -->
  <testcase classname="com.myStore.TestCases.OrderPageTest" name="VerifyTotalPrice" time="0.0">
    <ignored/>
  </testcase> <!-- VerifyTotalPrice -->
</testsuite>
